{"level":"info","message":{"amount":100,"convertedAmount":"154978.00000","email":"omotayoamoo29@gmail.com","fromCurrency":"USD","rateUsed":1549.78,"timestamp":"2025-06-26T09:36:02.297Z","toCurrency":"NGN"},"timestamp":"2025-06-26T09:36:02.301Z"}
{"error":"Validation error","level":"error","message":"Conversion failed","timestamp":"2025-06-26T09:46:07.071Z"}
{"error":"Validation error","level":"error","message":"Conversion failed","timestamp":"2025-06-26T09:47:47.630Z"}
{"error":"Validation error","level":"error","message":"Conversion failed","timestamp":"2025-06-26T09:51:52.332Z"}
{"error":"Validation error","level":"error","message":"Conversion failed","timestamp":"2025-06-26T09:54:28.298Z"}
{"level":"info","message":{"amount":100,"convertedAmount":"154978.00000","email":"omotayoamoo29@gmail.com","fromCurrency":"USD","rateUsed":1549.78,"timestamp":"2025-06-26T10:02:20.511Z","toCurrency":"NGN"},"timestamp":"2025-06-26T10:02:20.514Z"}
{"level":"info","message":{"amount":100,"convertedAmount":"154978.00000","email":"omotayoamoo29@gmail.com","fromCurrency":"USD","rateUsed":1549.78,"timestamp":"2025-06-26T10:02:26.796Z","toCurrency":"NGN"},"timestamp":"2025-06-26T10:02:26.796Z"}
{"level":"info","message":{"amount":100,"convertedAmount":"154978.00000","email":"omotayoamoo29@gmail.com","fromCurrency":"USD","rateUsed":1549.78,"timestamp":"2025-06-26T10:09:58.587Z","toCurrency":"NGN"},"timestamp":"2025-06-26T10:09:58.587Z"}
{"level":"info","message":{"amount":100,"convertedAmount":"154978.00000","email":"omotayoamoo29@gmail.com","fromCurrency":"USD","rateUsed":1549.78,"timestamp":"2025-06-26T10:15:52.936Z","toCurrency":"NGN"},"timestamp":"2025-06-26T10:15:52.941Z"}
{"level":"info","message":{"amount":100,"convertedAmount":"154978.00000","email":"omotayoamoo29@gmail.com","fromCurrency":"USD","rateUsed":1549.78,"timestamp":"2025-06-26T10:20:01.827Z","toCurrency":"NGN"},"timestamp":"2025-06-26T10:20:01.830Z"}
{"level":"info","message":{"amount":100,"convertedAmount":"154978.00000","email":"omotayoamoo29@gmail.com","fromCurrency":"USD","rateUsed":1549.78,"timestamp":"2025-06-26T10:28:55.161Z","toCurrency":"NGN"},"timestamp":"2025-06-26T10:28:55.165Z"}
{"level":"info","message":{"amount":100,"convertedAmount":"154978.00000","email":"omotayoamoo29@gmail.com","fromCurrency":"USD","rateUsed":1549.78,"timestamp":"2025-06-26T11:16:32.432Z","toCurrency":"NGN"},"timestamp":"2025-06-26T11:16:32.434Z"}
{"level":"info","message":{"amount":100,"convertedAmount":"154978.00000","email":"omotayoamoo29@gmail.com","fromCurrency":"USD","rateUsed":1549.78,"timestamp":"2025-06-26T15:26:01.324Z","toCurrency":"NGN"},"timestamp":"2025-06-26T15:26:01.325Z"}
{"level":"info","message":{"amount":100,"convertedAmount":"154978.00000","email":"omotayoamoo29@gmail.com","fromCurrency":"USD","rateUsed":1549.78,"timestamp":"2025-06-26T15:29:16.817Z","toCurrency":"NGN"},"timestamp":"2025-06-26T15:29:16.818Z"}
{"level":"info","message":{"amount":100,"convertedAmount":"154978.00000","email":"omotayoamoo29@gmail.com","fromCurrency":"USD","rateUsed":1549.78,"timestamp":"2025-06-26T15:37:08.433Z","toCurrency":"NGN"},"timestamp":"2025-06-26T15:37:08.434Z"}
{"level":"info","message":{"amount":100,"convertedAmount":"154978.00000","email":"omotayoamoo29@gmail.com","fromCurrency":"USD","rateUsed":1549.78,"timestamp":"2025-06-26T15:38:31.795Z","toCurrency":"NGN"},"timestamp":"2025-06-26T15:38:31.795Z"}
{"level":"info","message":{"amount":100,"convertedAmount":"154978.00000","email":"omotayoamoo29@gmail.com","fromCurrency":"USD","rateUsed":1549.78,"timestamp":"2025-06-26T15:41:02.264Z","toCurrency":"NGN"},"timestamp":"2025-06-26T15:41:02.265Z"}
{"level":"info","message":{"amount":100,"convertedAmount":"154978.00000","email":"omotayoamoo29@gmail.com","fromCurrency":"USD","rateUsed":1549.78,"timestamp":"2025-06-26T15:44:34.727Z","toCurrency":"NGN"},"timestamp":"2025-06-26T15:44:34.728Z"}
{"level":"info","message":{"amount":100,"convertedAmount":"154978.00000","email":"omotayoamoo29@gmail.com","fromCurrency":"USD","rateUsed":1549.78,"timestamp":"2025-06-26T15:47:11.679Z","toCurrency":"NGN"},"timestamp":"2025-06-26T15:47:11.680Z"}
{"error":"getaddrinfo ENOTFOUND api.exchangerate-api.com","level":"error","message":"Conversion failed","timestamp":"2025-06-26T17:34:15.570Z"}
{"level":"info","message":{"amount":100,"convertedAmount":"8727.00000","email":"omotayoamoo29@gmail.com","fromCurrency":"ZAR","rateUsed":87.27,"timestamp":"2025-06-26T17:35:37.820Z","toCurrency":"NGN"},"timestamp":"2025-06-26T17:35:37.820Z"}
{"error":"Cannot read properties of undefined (reading 'NGN')","level":"error","message":"Conversion failed","timestamp":"2025-06-26T17:39:12.496Z"}
{"error":"Cannot read properties of undefined (reading 'rate')","level":"error","message":"Conversion failed","timestamp":"2025-06-26T17:44:00.137Z"}
{"error":"Cannot read properties of undefined (reading 'rate')","level":"error","message":"Conversion failed","timestamp":"2025-06-26T17:45:18.383Z"}
{"error":"Cannot read properties of undefined (reading 'rate')","level":"error","message":"Conversion failed","timestamp":"2025-06-26T17:45:35.242Z"}
{"level":"info","message":{"amount":100,"convertedAmount":"154978.00000","email":"omotayoamoo29@gmail.com","fromCurrency":"USD","rateUsed":1549.78,"timestamp":"2025-06-26T17:57:02.035Z","toCurrency":"NGN"},"timestamp":"2025-06-26T17:57:02.036Z"}
{"level":"info","message":{"amount":100,"convertedAmount":"1775.00000","email":"omotayoamoo29@gmail.com","fromCurrency":"USD","rateUsed":17.75,"timestamp":"2025-06-26T17:57:16.069Z","toCurrency":"ZAR"},"timestamp":"2025-06-26T17:57:16.069Z"}
{"level":"info","message":{"amount":100,"convertedAmount":"1293.00000","email":"omotayoamoo29@gmail.com","fromCurrency":"CAD","rateUsed":12.93,"timestamp":"2025-06-26T17:57:40.883Z","toCurrency":"ZAR"},"timestamp":"2025-06-26T17:57:40.883Z"}
{"level":"info","message":{"amount":100,"convertedAmount":"53.40000","email":"omotayoamoo29@gmail.com","fromCurrency":"CAD","rateUsed":0.534,"timestamp":"2025-06-26T17:58:24.209Z","toCurrency":"GBP"},"timestamp":"2025-06-26T17:58:24.209Z"}
{"level":"info","message":{"amount":100,"convertedAmount":"53.40000","email":"toyosiamoo24@gmail.com","fromCurrency":"CAD","rateUsed":0.534,"timestamp":"2025-06-26T17:58:46.622Z","toCurrency":"GBP"},"timestamp":"2025-06-26T17:58:46.622Z"}
{"level":"info","message":{"amount":100,"convertedAmount":"53.40000","email":"toyosiamoo2004@gmail.com","fromCurrency":"CAD","rateUsed":0.534,"timestamp":"2025-06-26T17:59:04.170Z","toCurrency":"GBP"},"timestamp":"2025-06-26T17:59:04.170Z"}
{"level":"info","message":{"amount":100,"convertedAmount":"53.40000","email":"toyosiamoo2004@gmail.com","fromCurrency":"CAD","rateUsed":0.534,"timestamp":"2025-06-26T18:12:05.140Z","toCurrency":"GBP"},"timestamp":"2025-06-26T18:12:05.140Z"}
{"level":"info","message":{"amount":100,"convertedAmount":"53.40000","email":"omotayoamo29@gmail.com","fromCurrency":"CAD","rateUsed":0.534,"timestamp":"2025-06-26T18:12:40.467Z","toCurrency":"GBP"},"timestamp":"2025-06-26T18:12:40.467Z"}
